info|2021-01-23 21:00:00.292288|[g:1][CONSENSUS][SEALER]++++++++++++++++ Generating seal on,blkNum=71,tx=0,nodeIdx=1,hash=c297254b...
info|2021-01-23 21:00:00.304986|[g:1][CONSENSUS][PBFT]checkTimeout Succ,view=363,toView=364,nodeIdx=1,changeCycle=1,myNode=73cd37a5...,timecost=1.147
info|2021-01-23 21:00:00.313844|[g:1][CONSENSUS][PBFT]checkAndChangeView: Reach consensus,org_view=363,cur_changeCycle=1,curView=363,view=364
info|2021-01-23 21:00:01.335767|[g:1][CONSENSUS]addRawPrepare,height=71,reqIdx=2,hash=33b78ff5...,time=0
info|2021-01-23 21:00:01.338129|[g:1][CONSENSUS][PBFT]checkTimeout Succ,view=364,toView=365,nodeIdx=1,changeCycle=1,myNode=73cd37a5...,timecost=0.56
info|2021-01-23 21:00:01.341138|[g:1][CONSENSUS][PBFT]checkAndChangeView: Reach consensus,org_view=364,cur_changeCycle=1,curView=364,view=365
info|2021-01-23 21:00:02.344241|[g:1][CONSENSUS]addRawPrepare,height=71,reqIdx=3,hash=121c7f48...,time=0
info|2021-01-23 21:00:02.346745|[g:1][CONSENSUS][PBFT]checkTimeout Succ,view=365,toView=366,nodeIdx=1,changeCycle=1,myNode=73cd37a5...,timecost=1.566
info|2021-01-23 21:00:02.352915|[g:1][CONSENSUS][PBFT]checkAndChangeView: Reach consensus,org_view=365,cur_changeCycle=1,curView=365,view=366
info|2021-01-23 21:00:03.364019|[g:1][CONSENSUS]addRawPrepare,height=71,reqIdx=0,hash=ab72c8b3...,time=2
info|2021-01-23 21:00:03.366931|[g:1][CONSENSUS][PBFT]checkTimeout Succ,view=366,toView=367,nodeIdx=1,changeCycle=1,myNode=73cd37a5...,timecost=1.953
info|2021-01-23 21:00:03.375776|[g:1][CONSENSUS][PBFT]checkAndChangeView: Reach consensus,org_view=366,cur_changeCycle=1,curView=366,view=367
info|2021-01-23 21:00:04.377296|[g:1][CONSENSUS][SEALER]++++++++++++++++ Generating seal on,blkNum=71,tx=0,nodeIdx=1,hash=0be71e0b...
info|2021-01-23 21:00:04.390977|[g:1][CONSENSUS][PBFT]checkTimeout Succ,view=367,toView=368,nodeIdx=1,changeCycle=1,myNode=73cd37a5...,timecost=10.217
info|2021-01-23 21:00:04.395160|[g:1][CONSENSUS][PBFT]checkAndChangeView: Reach consensus,org_view=367,cur_changeCycle=1,curView=367,view=368
info|2021-01-23 21:00:04.714991|[P2P][Service] heartBeat,connected count=3
info|2021-01-23 21:00:05.415783|[g:1][CONSENSUS]addRawPrepare,height=71,reqIdx=2,hash=68186bce...,time=0
info|2021-01-23 21:00:05.418043|[g:1][CONSENSUS][PBFT]checkTimeout Succ,view=368,toView=369,nodeIdx=1,changeCycle=1,myNode=73cd37a5...,timecost=1.315
info|2021-01-23 21:00:05.424716|[g:1][CONSENSUS][PBFT]checkAndChangeView: Reach consensus,org_view=368,cur_changeCycle=1,curView=368,view=369
info|2021-01-23 21:00:06.444957|[g:1][CONSENSUS]addRawPrepare,height=71,reqIdx=3,hash=3fe3ffdd...,time=1
info|2021-01-23 21:00:06.448711|[g:1][CONSENSUS][PBFT]checkTimeout Succ,view=369,toView=370,nodeIdx=1,changeCycle=1,myNode=73cd37a5...,timecost=1.941
info|2021-01-23 21:00:06.451745|[g:1][CONSENSUS][PBFT]checkAndChangeView: Reach consensus,org_view=369,cur_changeCycle=1,curView=369,view=370
info|2021-01-23 21:00:07.467726|[g:1][CONSENSUS]addRawPrepare,height=71,reqIdx=0,hash=425b00fb...,time=0
info|2021-01-23 21:00:07.470800|[g:1][CONSENSUS][PBFT]checkTimeout Succ,view=370,toView=371,nodeIdx=1,changeCycle=1,myNode=73cd37a5...,timecost=2.167
info|2021-01-23 21:00:07.478682|[g:1][CONSENSUS][PBFT]checkAndChangeView: Reach consensus,org_view=370,cur_changeCycle=1,curView=370,view=371
info|2021-01-23 21:00:08.480044|[g:1][CONSENSUS][SEALER]++++++++++++++++ Generating seal on,blkNum=71,tx=0,nodeIdx=1,hash=8072a84c...
info|2021-01-23 21:00:08.492801|[g:1][CONSENSUS][PBFT]checkTimeout Succ,view=371,toView=372,nodeIdx=1,changeCycle=1,myNode=73cd37a5...,timecost=2.654
info|2021-01-23 21:00:08.496298|[g:1][CONSENSUS][PBFT]checkAndChangeView: Reach consensus,org_view=371,cur_changeCycle=1,curView=371,view=372
info|2021-01-23 21:00:09.509029|[g:1][CONSENSUS]addRawPrepare,height=71,reqIdx=2,hash=445602d6...,time=1
info|2021-01-23 21:00:09.511969|[g:1][CONSENSUS][PBFT]checkTimeout Succ,view=372,toView=373,nodeIdx=1,changeCycle=1,myNode=73cd37a5...,timecost=1.863
info|2021-01-23 21:00:09.520205|[g:1][CONSENSUS][PBFT]checkAndChangeView: Reach consensus,org_view=372,cur_changeCycle=1,curView=372,view=373
info|2021-01-23 21:00:10.538078|[g:1][CONSENSUS]addRawPrepare,height=71,reqIdx=3,hash=b65545cb...,time=1
info|2021-01-23 21:00:10.540052|[g:1][CONSENSUS][PBFT]checkTimeout Succ,view=373,toView=374,nodeIdx=1,changeCycle=1,myNode=73cd37a5...,timecost=1.157
info|2021-01-23 21:00:10.543018|[g:1][CONSENSUS][PBFT]checkAndChangeView: Reach consensus,org_view=373,cur_changeCycle=1,curView=373,view=374
info|2021-01-23 21:00:11.553178|[g:1][CONSENSUS]addRawPrepare,height=71,reqIdx=0,hash=35e6a7aa...,time=0
info|2021-01-23 21:00:11.555942|[g:1][CONSENSUS][PBFT]checkTimeout Succ,view=374,toView=375,nodeIdx=1,changeCycle=1,myNode=73cd37a5...,timecost=1.114
info|2021-01-23 21:00:11.567192|[g:1][CONSENSUS][PBFT]checkAndChangeView: Reach consensus,org_view=374,cur_changeCycle=1,curView=374,view=375
info|2021-01-23 21:00:12.574900|[g:1][CONSENSUS][SEALER]++++++++++++++++ Generating seal on,blkNum=71,tx=0,nodeIdx=1,hash=5c406d70...
info|2021-01-23 21:00:12.593096|[g:1][CONSENSUS][PBFT]checkTimeout Succ,view=375,toView=376,nodeIdx=1,changeCycle=1,myNode=73cd37a5...,timecost=1.181
info|2021-01-23 21:00:12.600086|[g:1][CONSENSUS][PBFT]checkAndChangeView: Reach consensus,org_view=375,cur_changeCycle=1,curView=375,view=376
info|2021-01-23 21:00:13.599281|[g:1][CONSENSUS]addRawPrepare,height=71,reqIdx=2,hash=b8d7e158...,time=0
info|2021-01-23 21:00:13.601791|[g:1][CONSENSUS][PBFT]checkTimeout Succ,view=376,toView=377,nodeIdx=1,changeCycle=1,myNode=73cd37a5...,timecost=1.617
info|2021-01-23 21:00:13.611910|[g:1][CONSENSUS][PBFT]checkAndChangeView: Reach consensus,org_view=376,cur_changeCycle=1,curView=376,view=377
info|2021-01-23 21:00:14.620286|[g:1][CONSENSUS]addRawPrepare,height=71,reqIdx=3,hash=3ba846b8...,time=0
info|2021-01-23 21:00:14.622813|[g:1][CONSENSUS][PBFT]checkTimeout Succ,view=377,toView=378,nodeIdx=1,changeCycle=1,myNode=73cd37a5...,timecost=1.095
info|2021-01-23 21:00:14.631287|[g:1][CONSENSUS][PBFT]checkAndChangeView: Reach consensus,org_view=377,cur_changeCycle=1,curView=377,view=378
info|2021-01-23 21:00:14.716001|[P2P][Service] heartBeat,connected count=3
info|2021-01-23 21:00:15.641799|[g:1][CONSENSUS]addRawPrepare,height=71,reqIdx=0,hash=c99d262f...,time=0
info|2021-01-23 21:00:15.644711|[g:1][CONSENSUS][PBFT]checkTimeout Succ,view=378,toView=379,nodeIdx=1,changeCycle=1,myNode=73cd37a5...,timecost=1.89
info|2021-01-23 21:00:15.652243|[g:1][CONSENSUS][PBFT]checkAndChangeView: Reach consensus,org_view=378,cur_changeCycle=1,curView=378,view=379
info|2021-01-23 21:00:16.658718|[g:1][CONSENSUS][SEALER]++++++++++++++++ Generating seal on,blkNum=71,tx=0,nodeIdx=1,hash=8e0b191a...
info|2021-01-23 21:00:16.661815|[g:1][CONSENSUS][PBFT]checkTimeout Succ,view=379,toView=380,nodeIdx=1,changeCycle=1,myNode=73cd37a5...,timecost=1.628
info|2021-01-23 21:00:16.681772|[g:1][CONSENSUS][PBFT]checkAndChangeView: Reach consensus,org_view=379,cur_changeCycle=1,curView=379,view=380
info|2021-01-23 21:00:17.686022|[g:1][CONSENSUS]addRawPrepare,height=71,reqIdx=2,hash=a46791c7...,time=1
info|2021-01-23 21:00:17.699100|[g:1][CONSENSUS][PBFT]checkTimeout Succ,view=380,toView=381,nodeIdx=1,changeCycle=1,myNode=73cd37a5...,timecost=12.571
info|2021-01-23 21:00:17.708812|[g:1][CONSENSUS][PBFT]checkAndChangeView: Reach consensus,org_view=380,cur_changeCycle=1,curView=380,view=381
info|2021-01-23 21:00:18.714073|[g:1][CONSENSUS]addRawPrepare,height=71,reqIdx=3,hash=b9958659...,time=0
info|2021-01-23 21:00:18.716749|[g:1][CONSENSUS][PBFT]checkTimeout Succ,view=381,toView=382,nodeIdx=1,changeCycle=1,myNode=73cd37a5...,timecost=1.894
info|2021-01-23 21:00:18.723286|[g:1][CONSENSUS][PBFT]checkAndChangeView: Reach consensus,org_view=381,cur_changeCycle=1,curView=381,view=382
info|2021-01-23 21:00:19.734072|[g:1][CONSENSUS]addRawPrepare,height=71,reqIdx=0,hash=e288b591...,time=0
info|2021-01-23 21:00:19.741089|[g:1][CONSENSUS][PBFT]checkTimeout Succ,view=382,toView=383,nodeIdx=1,changeCycle=1,myNode=73cd37a5...,timecost=6.197
info|2021-01-23 21:00:19.754711|[g:1][CONSENSUS][PBFT]checkAndChangeView: Reach consensus,org_view=382,cur_changeCycle=1,curView=382,view=383
info|2021-01-23 21:00:20.755734|[g:1][CONSENSUS][SEALER]++++++++++++++++ Generating seal on,blkNum=71,tx=0,nodeIdx=1,hash=49846060...
info|2021-01-23 21:00:20.775821|[g:1][CONSENSUS][PBFT]checkTimeout Succ,view=383,toView=384,nodeIdx=1,changeCycle=1,myNode=73cd37a5...,timecost=1.038
info|2021-01-23 21:00:20.777780|[g:1][CONSENSUS][PBFT]checkAndChangeView: Reach consensus,org_view=383,cur_changeCycle=1,curView=383,view=384
info|2021-01-23 21:00:21.795804|[g:1][CONSENSUS]addRawPrepare,height=71,reqIdx=2,hash=4d864f08...,time=0
info|2021-01-23 21:00:21.797813|[g:1][CONSENSUS][PBFT]checkTimeout Succ,view=384,toView=385,nodeIdx=1,changeCycle=1,myNode=73cd37a5...,timecost=1.583
info|2021-01-23 21:00:21.807836|[g:1][CONSENSUS][PBFT]checkAndChangeView: Reach consensus,org_view=384,cur_changeCycle=1,curView=384,view=385
info|2021-01-23 21:00:22.821847|[g:1][CONSENSUS]addRawPrepare,height=71,reqIdx=3,hash=3782c52b...,time=0
info|2021-01-23 21:00:22.825064|[g:1][CONSENSUS][PBFT]checkTimeout Succ,view=385,toView=386,nodeIdx=1,changeCycle=1,myNode=73cd37a5...,timecost=2.192
info|2021-01-23 21:00:22.832710|[g:1][CONSENSUS][PBFT]checkAndChangeView: Reach consensus,org_view=385,cur_changeCycle=1,curView=385,view=386
info|2021-01-23 21:00:23.838813|[g:1][CONSENSUS]addRawPrepare,height=71,reqIdx=0,hash=20e8e2ab...,time=2
info|2021-01-23 21:00:23.842971|[g:1][CONSENSUS][PBFT]checkTimeout Succ,view=386,toView=387,nodeIdx=1,changeCycle=1,myNode=73cd37a5...,timecost=1.856
info|2021-01-23 21:00:23.851201|[g:1][CONSENSUS][PBFT]checkAndChangeView: Reach consensus,org_view=386,cur_changeCycle=1,curView=386,view=387
info|2021-01-23 21:00:24.717785|[P2P][Service] heartBeat,connected count=3
info|2021-01-23 21:00:24.855173|[g:1][CONSENSUS][SEALER]++++++++++++++++ Generating seal on,blkNum=71,tx=0,nodeIdx=1,hash=f4fe0037...
info|2021-01-23 21:00:24.870046|[g:1][CONSENSUS][PBFT]checkTimeout Succ,view=387,toView=388,nodeIdx=1,changeCycle=1,myNode=73cd37a5...,timecost=1.267
info|2021-01-23 21:00:24.876791|[g:1][CONSENSUS][PBFT]checkAndChangeView: Reach consensus,org_view=387,cur_changeCycle=1,curView=387,view=388
info|2021-01-23 21:00:25.892744|[g:1][CONSENSUS]addRawPrepare,height=71,reqIdx=2,hash=1c80c6cc...,time=0
info|2021-01-23 21:00:25.898320|[g:1][CONSENSUS][PBFT]checkTimeout Succ,view=388,toView=389,nodeIdx=1,changeCycle=1,myNode=73cd37a5...,timecost=4.493
info|2021-01-23 21:00:25.916808|[g:1][CONSENSUS][PBFT]checkAndChangeView: Reach consensus,org_view=388,cur_changeCycle=1,curView=388,view=389
info|2021-01-23 21:00:26.954925|[g:1][CONSENSUS]addRawPrepare,height=71,reqIdx=3,hash=01f6dc2a...,time=0
info|2021-01-23 21:00:26.958206|[g:1][CONSENSUS][PBFT]checkTimeout Succ,view=389,toView=390,nodeIdx=1,changeCycle=1,myNode=73cd37a5...,timecost=2.986
info|2021-01-23 21:00:26.974159|[g:1][CONSENSUS][PBFT]checkAndChangeView: Reach consensus,org_view=389,cur_changeCycle=1,curView=389,view=390
info|2021-01-23 21:00:27.984922|[g:1][CONSENSUS]addRawPrepare,height=71,reqIdx=0,hash=5bda2a70...,time=0
info|2021-01-23 21:00:27.987004|[g:1][CONSENSUS][PBFT]checkTimeout Succ,view=390,toView=391,nodeIdx=1,changeCycle=1,myNode=73cd37a5...,timecost=1.231
info|2021-01-23 21:00:27.996904|[g:1][CONSENSUS][PBFT]checkAndChangeView: Reach consensus,org_view=390,cur_changeCycle=1,curView=390,view=391
info|2021-01-23 21:00:28.999857|[g:1][CONSENSUS][SEALER]++++++++++++++++ Generating seal on,blkNum=71,tx=0,nodeIdx=1,hash=c78e8f2b...
info|2021-01-23 21:00:29.012740|[g:1][CONSENSUS][PBFT]checkTimeout Succ,view=391,toView=392,nodeIdx=1,changeCycle=1,myNode=73cd37a5...,timecost=1.575
info|2021-01-23 21:00:29.018009|[g:1][CONSENSUS][PBFT]checkAndChangeView: Reach consensus,org_view=391,cur_changeCycle=1,curView=391,view=392
info|2021-01-23 21:00:30.043147|[g:1][CONSENSUS]addRawPrepare,height=71,reqIdx=2,hash=d8784927...,time=0
info|2021-01-23 21:00:30.046854|[g:1][CONSENSUS][PBFT]checkTimeout Succ,view=392,toView=393,nodeIdx=1,changeCycle=1,myNode=73cd37a5...,timecost=2.86
info|2021-01-23 21:00:30.057854|[g:1][CONSENSUS][PBFT]checkAndChangeView: Reach consensus,org_view=392,cur_changeCycle=1,curView=392,view=393
info|2021-01-23 21:00:31.089236|[g:1][CONSENSUS][PBFT]Trigger fast-viewchange,view=393,toView=393,minView=394,INFO=,reqNum=70,curNum=70,GenIdx=3,Cview=394,view=393,fromIdx=3,fromNode=fac26ee2...,fromIp=127.0.0.1:53862,hash=abcda303...,nodeIdx=1,myNode=73cd37a5...
info|2021-01-23 21:00:31.091850|[g:1][CONSENSUS][PBFT]checkAndChangeView: Reach consensus,org_view=393,cur_changeCycle=2,curView=393,view=394
info|2021-01-23 21:00:31.092087|[g:1][CONSENSUS][PBFT]checkTimeout Succ,view=394,toView=394,nodeIdx=1,changeCycle=2,myNode=73cd37a5...,timecost=2.218
info|2021-01-23 21:00:32.123091|[g:1][CONSENSUS]addRawPrepare,height=71,reqIdx=0,hash=de288ae2...,time=0
info|2021-01-23 21:00:32.125917|[g:1][CONSENSUS][PBFT]checkTimeout Succ,view=394,toView=395,nodeIdx=1,changeCycle=1,myNode=73cd37a5...,timecost=0.842
info|2021-01-23 21:00:32.140920|[g:1][CONSENSUS][PBFT]checkAndChangeView: Reach consensus,org_view=394,cur_changeCycle=1,curView=394,view=395
info|2021-01-23 21:00:33.142123|[g:1][CONSENSUS][SEALER]++++++++++++++++ Generating seal on,blkNum=71,tx=0,nodeIdx=1,hash=667d24f6...
info|2021-01-23 21:00:33.146860|[g:1][CONSENSUS][PBFT]checkTimeout Succ,view=395,toView=396,nodeIdx=1,changeCycle=1,myNode=73cd37a5...,timecost=2.752
info|2021-01-23 21:00:33.163257|[g:1][CONSENSUS][PBFT]checkAndChangeView: Reach consensus,org_view=395,cur_changeCycle=1,curView=395,view=396
info|2021-01-23 21:00:34.173910|[g:1][CONSENSUS]addRawPrepare,height=71,reqIdx=2,hash=15a58d90...,time=0
info|2021-01-23 21:00:34.176744|[g:1][CONSENSUS][PBFT]checkTimeout Succ,view=396,toView=397,nodeIdx=1,changeCycle=1,myNode=73cd37a5...,timecost=1.723
info|2021-01-23 21:00:34.188787|[g:1][CONSENSUS][PBFT]checkAndChangeView: Reach consensus,org_view=396,cur_changeCycle=1,curView=396,view=397
info|2021-01-23 21:00:34.719125|[P2P][Service] heartBeat,connected count=3
info|2021-01-23 21:00:35.206861|[g:1][CONSENSUS]addRawPrepare,height=71,reqIdx=3,hash=c92922f3...,time=1
info|2021-01-23 21:00:35.209260|[g:1][CONSENSUS][PBFT]checkTimeout Succ,view=397,toView=398,nodeIdx=1,changeCycle=1,myNode=73cd37a5...,timecost=1.356
info|2021-01-23 21:00:35.216724|[g:1][CONSENSUS][PBFT]checkAndChangeView: Reach consensus,org_view=397,cur_changeCycle=1,curView=397,view=398
info|2021-01-23 21:00:36.217826|[g:1][CONSENSUS]addRawPrepare,height=71,reqIdx=0,hash=b89a3054...,time=0
info|2021-01-23 21:00:36.220812|[g:1][CONSENSUS][PBFT]checkTimeout Succ,view=398,toView=399,nodeIdx=1,changeCycle=1,myNode=73cd37a5...,timecost=1.9
info|2021-01-23 21:00:36.227867|[g:1][CONSENSUS][PBFT]checkAndChangeView: Reach consensus,org_view=398,cur_changeCycle=1,curView=398,view=399
info|2021-01-23 21:00:37.228833|[g:1][CONSENSUS][SEALER]++++++++++++++++ Generating seal on,blkNum=71,tx=0,nodeIdx=1,hash=2b82c20e...
info|2021-01-23 21:00:37.231146|[g:1][CONSENSUS][PBFT]checkTimeout Succ,view=399,toView=400,nodeIdx=1,changeCycle=1,myNode=73cd37a5...,timecost=1.26
info|2021-01-23 21:00:37.257933|[g:1][CONSENSUS][PBFT]checkAndChangeView: Reach consensus,org_view=399,cur_changeCycle=1,curView=399,view=400
info|2021-01-23 21:00:38.266755|[g:1][CONSENSUS]addRawPrepare,height=71,reqIdx=2,hash=0c7d9b17...,time=1
info|2021-01-23 21:00:38.269889|[g:1][CONSENSUS][PBFT]checkTimeout Succ,view=400,toView=401,nodeIdx=1,changeCycle=1,myNode=73cd37a5...,timecost=1.767
info|2021-01-23 21:00:38.279407|[g:1][CONSENSUS][PBFT]checkAndChangeView: Reach consensus,org_view=400,cur_changeCycle=1,curView=400,view=401
info|2021-01-23 21:00:39.294176|[g:1][CONSENSUS]addRawPrepare,height=71,reqIdx=3,hash=d5ccadd9...,time=1
info|2021-01-23 21:00:39.296955|[g:1][CONSENSUS][PBFT]checkTimeout Succ,view=401,toView=402,nodeIdx=1,changeCycle=1,myNode=73cd37a5...,timecost=1.835
info|2021-01-23 21:00:39.312099|[g:1][CONSENSUS][PBFT]checkAndChangeView: Reach consensus,org_view=401,cur_changeCycle=1,curView=401,view=402
info|2021-01-23 21:00:40.335967|[g:1][CONSENSUS]addRawPrepare,height=71,reqIdx=0,hash=9895d724...,time=1
info|2021-01-23 21:00:40.337886|[g:1][CONSENSUS][PBFT]checkTimeout Succ,view=402,toView=403,nodeIdx=1,changeCycle=1,myNode=73cd37a5...,timecost=0.895
info|2021-01-23 21:00:40.356170|[g:1][CONSENSUS][PBFT]checkAndChangeView: Reach consensus,org_view=402,cur_changeCycle=1,curView=402,view=403
info|2021-01-23 21:00:41.356808|[g:1][CONSENSUS][SEALER]++++++++++++++++ Generating seal on,blkNum=71,tx=0,nodeIdx=1,hash=2d7273f7...
info|2021-01-23 21:00:41.360277|[g:1][CONSENSUS][PBFT]checkTimeout Succ,view=403,toView=404,nodeIdx=1,changeCycle=1,myNode=73cd37a5...,timecost=1.422
info|2021-01-23 21:00:41.413187|[g:1][CONSENSUS][PBFT]checkAndChangeView: Reach consensus,org_view=403,cur_changeCycle=1,curView=403,view=404
info|2021-01-23 21:00:42.436027|[g:1][CONSENSUS]addRawPrepare,height=71,reqIdx=2,hash=6d9fce5c...,time=1
info|2021-01-23 21:00:42.438281|[g:1][CONSENSUS][PBFT]checkTimeout Succ,view=404,toView=405,nodeIdx=1,changeCycle=1,myNode=73cd37a5...,timecost=1.549
info|2021-01-23 21:00:42.450072|[g:1][CONSENSUS][PBFT]checkAndChangeView: Reach consensus,org_view=404,cur_changeCycle=1,curView=404,view=405
info|2021-01-23 21:00:43.473047|[g:1][CONSENSUS]addRawPrepare,height=71,reqIdx=3,hash=01acc479...,time=0
info|2021-01-23 21:00:43.475823|[g:1][CONSENSUS][PBFT]checkTimeout Succ,view=405,toView=406,nodeIdx=1,changeCycle=1,myNode=73cd37a5...,timecost=2.009
info|2021-01-23 21:00:43.478011|[g:1][CONSENSUS][PBFT]checkAndChangeView: Reach consensus,org_view=405,cur_changeCycle=1,curView=405,view=406
info|2021-01-23 21:00:44.487160|[g:1][CONSENSUS]addRawPrepare,height=71,reqIdx=0,hash=b63b7774...,time=1
info|2021-01-23 21:00:44.489930|[g:1][CONSENSUS][PBFT]checkTimeout Succ,view=406,toView=407,nodeIdx=1,changeCycle=1,myNode=73cd37a5...,timecost=1.064
info|2021-01-23 21:00:44.494002|[g:1][CONSENSUS][PBFT]checkAndChangeView: Reach consensus,org_view=406,cur_changeCycle=1,curView=406,view=407
info|2021-01-23 21:00:44.719957|[P2P][Service] heartBeat,connected count=3
info|2021-01-23 21:00:45.497887|[g:1][CONSENSUS][SEALER]++++++++++++++++ Generating seal on,blkNum=71,tx=0,nodeIdx=1,hash=670a439a...
info|2021-01-23 21:00:45.501299|[g:1][CONSENSUS][PBFT]checkTimeout Succ,view=407,toView=408,nodeIdx=1,changeCycle=1,myNode=73cd37a5...,timecost=1.794
info|2021-01-23 21:00:45.522795|[g:1][CONSENSUS][PBFT]checkAndChangeView: Reach consensus,org_view=407,cur_changeCycle=1,curView=407,view=408
info|2021-01-23 21:00:46.537008|[g:1][CONSENSUS]addRawPrepare,height=71,reqIdx=2,hash=206db1bf...,time=1
info|2021-01-23 21:00:46.538943|[g:1][CONSENSUS][PBFT]checkTimeout Succ,view=408,toView=409,nodeIdx=1,changeCycle=1,myNode=73cd37a5...,timecost=1.086
info|2021-01-23 21:00:46.553823|[g:1][CONSENSUS][PBFT]checkAndChangeView: Reach consensus,org_view=408,cur_changeCycle=1,curView=408,view=409
info|2021-01-23 21:00:47.577243|[g:1][CONSENSUS]addRawPrepare,height=71,reqIdx=3,hash=50ac8eb8...,time=0
info|2021-01-23 21:00:47.579825|[g:1][CONSENSUS][PBFT]checkTimeout Succ,view=409,toView=410,nodeIdx=1,changeCycle=1,myNode=73cd37a5...,timecost=1.11
info|2021-01-23 21:00:47.583763|[g:1][CONSENSUS][PBFT]checkAndChangeView: Reach consensus,org_view=409,cur_changeCycle=1,curView=409,view=410
info|2021-01-23 21:00:48.601295|[g:1][CONSENSUS]addRawPrepare,height=71,reqIdx=0,hash=5f63fa46...,time=0
info|2021-01-23 21:00:48.603047|[g:1][CONSENSUS][PBFT]checkTimeout Succ,view=410,toView=411,nodeIdx=1,changeCycle=1,myNode=73cd37a5...,timecost=0.949
info|2021-01-23 21:00:48.611898|[g:1][CONSENSUS][PBFT]checkAndChangeView: Reach consensus,org_view=410,cur_changeCycle=1,curView=410,view=411
info|2021-01-23 21:00:49.612881|[g:1][CONSENSUS][SEALER]++++++++++++++++ Generating seal on,blkNum=71,tx=0,nodeIdx=1,hash=aa56af01...
info|2021-01-23 21:00:49.628809|[g:1][CONSENSUS][PBFT]checkTimeout Succ,view=411,toView=412,nodeIdx=1,changeCycle=1,myNode=73cd37a5...,timecost=1.953
info|2021-01-23 21:00:49.632840|[g:1][CONSENSUS][PBFT]checkAndChangeView: Reach consensus,org_view=411,cur_changeCycle=1,curView=411,view=412
info|2021-01-23 21:00:50.643035|[g:1][CONSENSUS]addRawPrepare,height=71,reqIdx=2,hash=451d5b30...,time=0
info|2021-01-23 21:00:50.645795|[g:1][CONSENSUS][PBFT]checkTimeout Succ,view=412,toView=413,nodeIdx=1,changeCycle=1,myNode=73cd37a5...,timecost=0.946
info|2021-01-23 21:00:50.658038|[g:1][CONSENSUS][PBFT]checkAndChangeView: Reach consensus,org_view=412,cur_changeCycle=1,curView=412,view=413
info|2021-01-23 21:00:51.673788|[g:1][CONSENSUS]addRawPrepare,height=71,reqIdx=3,hash=bb154912...,time=0
info|2021-01-23 21:00:51.676070|[g:1][CONSENSUS][PBFT]checkTimeout Succ,view=413,toView=414,nodeIdx=1,changeCycle=1,myNode=73cd37a5...,timecost=1.157
info|2021-01-23 21:00:51.679281|[g:1][CONSENSUS][PBFT]checkAndChangeView: Reach consensus,org_view=413,cur_changeCycle=1,curView=413,view=414
info|2021-01-23 21:00:52.698767|[g:1][CONSENSUS]addRawPrepare,height=71,reqIdx=0,hash=94a4a02e...,time=0
info|2021-01-23 21:00:52.701168|[g:1][CONSENSUS][PBFT]checkTimeout Succ,view=414,toView=415,nodeIdx=1,changeCycle=1,myNode=73cd37a5...,timecost=1.586
info|2021-01-23 21:00:52.709766|[g:1][CONSENSUS][PBFT]checkAndChangeView: Reach consensus,org_view=414,cur_changeCycle=1,curView=414,view=415
info|2021-01-23 21:00:53.715167|[g:1][CONSENSUS][SEALER]++++++++++++++++ Generating seal on,blkNum=71,tx=0,nodeIdx=1,hash=12002ed8...
info|2021-01-23 21:00:53.722221|[g:1][CONSENSUS][PBFT]checkTimeout Succ,view=415,toView=416,nodeIdx=1,changeCycle=1,myNode=73cd37a5...,timecost=5.42
info|2021-01-23 21:00:53.737147|[g:1][CONSENSUS][PBFT]checkAndChangeView: Reach consensus,org_view=415,cur_changeCycle=1,curView=415,view=416
info|2021-01-23 21:00:54.722112|[P2P][Service] heartBeat,connected count=3
info|2021-01-23 21:00:54.747716|[g:1][CONSENSUS]addRawPrepare,height=71,reqIdx=2,hash=a73362fe...,time=0
info|2021-01-23 21:00:54.750003|[g:1][CONSENSUS][PBFT]checkTimeout Succ,view=416,toView=417,nodeIdx=1,changeCycle=1,myNode=73cd37a5...,timecost=1.243
info|2021-01-23 21:00:54.757893|[g:1][CONSENSUS][PBFT]checkAndChangeView: Reach consensus,org_view=416,cur_changeCycle=1,curView=416,view=417
info|2021-01-23 21:00:55.772236|[g:1][CONSENSUS]addRawPrepare,height=71,reqIdx=3,hash=df567cc6...,time=0
info|2021-01-23 21:00:55.775093|[g:1][CONSENSUS][PBFT]checkTimeout Succ,view=417,toView=418,nodeIdx=1,changeCycle=1,myNode=73cd37a5...,timecost=2.059
info|2021-01-23 21:00:55.786812|[g:1][CONSENSUS][PBFT]checkAndChangeView: Reach consensus,org_view=417,cur_changeCycle=1,curView=417,view=418
info|2021-01-23 21:00:56.797948|[g:1][CONSENSUS]addRawPrepare,height=71,reqIdx=0,hash=687687b2...,time=0
info|2021-01-23 21:00:56.799953|[g:1][CONSENSUS][PBFT]checkTimeout Succ,view=418,toView=419,nodeIdx=1,changeCycle=1,myNode=73cd37a5...,timecost=1.032
info|2021-01-23 21:00:56.808909|[g:1][CONSENSUS][PBFT]checkAndChangeView: Reach consensus,org_view=418,cur_changeCycle=1,curView=418,view=419
info|2021-01-23 21:00:57.811099|[g:1][CONSENSUS][SEALER]++++++++++++++++ Generating seal on,blkNum=71,tx=0,nodeIdx=1,hash=ff0ad0d3...
info|2021-01-23 21:00:57.828060|[g:1][CONSENSUS][PBFT]checkTimeout Succ,view=419,toView=420,nodeIdx=1,changeCycle=1,myNode=73cd37a5...,timecost=1.934
info|2021-01-23 21:00:57.830297|[g:1][CONSENSUS][PBFT]checkAndChangeView: Reach consensus,org_view=419,cur_changeCycle=1,curView=419,view=420
info|2021-01-23 21:00:58.855902|[g:1][CONSENSUS]addRawPrepare,height=71,reqIdx=2,hash=0b3784bb...,time=0
info|2021-01-23 21:00:58.858275|[g:1][CONSENSUS][PBFT]checkTimeout Succ,view=420,toView=421,nodeIdx=1,changeCycle=1,myNode=73cd37a5...,timecost=1.406
info|2021-01-23 21:00:58.869170|[g:1][CONSENSUS][PBFT]checkAndChangeView: Reach consensus,org_view=420,cur_changeCycle=1,curView=420,view=421
info|2021-01-23 21:00:59.889267|[g:1][CONSENSUS]addRawPrepare,height=71,reqIdx=3,hash=12fb023d...,time=0
info|2021-01-23 21:00:59.891882|[g:1][CONSENSUS][PBFT]checkTimeout Succ,view=421,toView=422,nodeIdx=1,changeCycle=1,myNode=73cd37a5...,timecost=1.242
info|2021-01-23 21:00:59.911804|[g:1][CONSENSUS][PBFT]checkAndChangeView: Reach consensus,org_view=421,cur_changeCycle=1,curView=421,view=422
info|2021-01-23 21:01:00.912694|[g:1][CONSENSUS]addRawPrepare,height=71,reqIdx=0,hash=94ad15ef...,time=0
info|2021-01-23 21:01:00.915025|[g:1][CONSENSUS][PBFT]checkTimeout Succ,view=422,toView=423,nodeIdx=1,changeCycle=1,myNode=73cd37a5...,timecost=1.862
info|2021-01-23 21:01:00.928740|[g:1][CONSENSUS][PBFT]checkAndChangeView: Reach consensus,org_view=422,cur_changeCycle=1,curView=422,view=423
info|2021-01-23 21:01:01.930131|[g:1][CONSENSUS][SEALER]++++++++++++++++ Generating seal on,blkNum=71,tx=0,nodeIdx=1,hash=88777760...
info|2021-01-23 21:01:01.936860|[g:1][CONSENSUS][PBFT]checkTimeout Succ,view=423,toView=424,nodeIdx=1,changeCycle=1,myNode=73cd37a5...,timecost=1.149
info|2021-01-23 21:01:01.961049|[g:1][CONSENSUS][PBFT]checkAndChangeView: Reach consensus,org_view=423,cur_changeCycle=1,curView=423,view=424
info|2021-01-23 21:01:02.964253|[g:1][CONSENSUS]addRawPrepare,height=71,reqIdx=2,hash=80e6f6ca...,time=0
info|2021-01-23 21:01:02.966783|[g:1][CONSENSUS][PBFT]checkTimeout Succ,view=424,toView=425,nodeIdx=1,changeCycle=1,myNode=73cd37a5...,timecost=0.904
info|2021-01-23 21:01:02.987918|[g:1][CONSENSUS][PBFT]checkAndChangeView: Reach consensus,org_view=424,cur_changeCycle=1,curView=424,view=425
info|2021-01-23 21:01:04.000122|[g:1][CONSENSUS]addRawPrepare,height=71,reqIdx=3,hash=b6efff0c...,time=0
info|2021-01-23 21:01:04.002092|[g:1][CONSENSUS][PBFT]checkTimeout Succ,view=425,toView=426,nodeIdx=1,changeCycle=1,myNode=73cd37a5...,timecost=1.207
info|2021-01-23 21:01:04.012812|[g:1][CONSENSUS][PBFT]checkAndChangeView: Reach consensus,org_view=425,cur_changeCycle=1,curView=425,view=426
info|2021-01-23 21:01:04.724153|[P2P][Service] heartBeat,connected count=3
info|2021-01-23 21:01:05.031938|[g:1][CONSENSUS]addRawPrepare,height=71,reqIdx=0,hash=104f1ad3...,time=0
info|2021-01-23 21:01:05.034299|[g:1][CONSENSUS][PBFT]checkTimeout Succ,view=426,toView=427,nodeIdx=1,changeCycle=1,myNode=73cd37a5...,timecost=1.871
info|2021-01-23 21:01:05.041144|[g:1][CONSENSUS][PBFT]checkAndChangeView: Reach consensus,org_view=426,cur_changeCycle=1,curView=426,view=427
info|2021-01-23 21:01:06.043216|[g:1][CONSENSUS][SEALER]++++++++++++++++ Generating seal on,blkNum=71,tx=0,nodeIdx=1,hash=16333152...
info|2021-01-23 21:01:06.046300|[g:1][CONSENSUS][PBFT]checkTimeout Succ,view=427,toView=428,nodeIdx=1,changeCycle=1,myNode=73cd37a5...,timecost=1.885
info|2021-01-23 21:01:06.065850|[g:1][CONSENSUS][PBFT]checkAndChangeView: Reach consensus,org_view=427,cur_changeCycle=1,curView=427,view=428
info|2021-01-23 21:01:07.076697|[g:1][CONSENSUS]addRawPrepare,height=71,reqIdx=2,hash=2197736f...,time=0
info|2021-01-23 21:01:07.079269|[g:1][CONSENSUS][PBFT]checkTimeout Succ,view=428,toView=429,nodeIdx=1,changeCycle=1,myNode=73cd37a5...,timecost=1.163
info|2021-01-23 21:01:07.084230|[g:1][CONSENSUS][PBFT]checkAndChangeView: Reach consensus,org_view=428,cur_changeCycle=1,curView=428,view=429
info|2021-01-23 21:01:08.095785|[g:1][CONSENSUS]addRawPrepare,height=71,reqIdx=3,hash=189b3adf...,time=0
info|2021-01-23 21:01:08.098046|[g:1][CONSENSUS][PBFT]checkTimeout Succ,view=429,toView=430,nodeIdx=1,changeCycle=1,myNode=73cd37a5...,timecost=1.217
info|2021-01-23 21:01:08.110733|[g:1][CONSENSUS][PBFT]checkAndChangeView: Reach consensus,org_view=429,cur_changeCycle=1,curView=429,view=430
info|2021-01-23 21:01:09.123272|[g:1][CONSENSUS]addRawPrepare,height=71,reqIdx=0,hash=7ba7972f...,time=1
info|2021-01-23 21:01:09.126164|[g:1][CONSENSUS][PBFT]checkTimeout Succ,view=430,toView=431,nodeIdx=1,changeCycle=1,myNode=73cd37a5...,timecost=1.471
info|2021-01-23 21:01:09.138818|[g:1][CONSENSUS][PBFT]checkAndChangeView: Reach consensus,org_view=430,cur_changeCycle=1,curView=430,view=431
info|2021-01-23 21:01:10.144024|[g:1][CONSENSUS][SEALER]++++++++++++++++ Generating seal on,blkNum=71,tx=0,nodeIdx=1,hash=929b36ac...
info|2021-01-23 21:01:10.152000|[g:1][CONSENSUS][PBFT]checkTimeout Succ,view=431,toView=432,nodeIdx=1,changeCycle=1,myNode=73cd37a5...,timecost=5.242
info|2021-01-23 21:01:10.186528|[LEDGER]stop sealer,groupID=1
info|2021-01-23 21:01:10.186816|[CONSENSUS][SEALER]Stop sealer module...
info|2021-01-23 21:01:10.202816|[CONSENSUS][ConsensusEngine][Stop ConsensusEngineBase]
info|2021-01-23 21:01:10.208271|[CONSENSUS][ConsensusEngine]ConsensusEngineBase stopped
info|2021-01-23 21:01:10.208299|[LEDGER]sealer stopped. stop sync,groupID=1
info|2021-01-23 21:01:10.212859|[g:1] [SYNC][id:73cd37a5...]SyncMsgEngine stopped
info|2021-01-23 21:01:10.381708|[GossipBlockStatus]stop GossipBlockStatus succ
info|2021-01-23 21:01:11.362811|[SYNC][id:73cd37a5...][g:1]SyncMaster stopped
info|2021-01-23 21:01:11.362989|[LEDGER]sync stopped. stop event filter manager,groupID=1
info|2021-01-23 21:01:11.442896|[EVENT][EventLogFilterManager]stop
info|2021-01-23 21:01:11.443075|[LEDGER]event filter manager stopped. stop tx pool,groupID=1
info|2021-01-23 21:01:11.450174|[LEDGER]removeNetworkStatHandlerByGroupID and removeGroupBandwidthLimiter for service,groupID=1
info|2021-01-23 21:01:11.450780|[CHANNEL]removeSDKAllowListByGroupId,groupId=1
info|2021-01-23 21:01:11.450825|[INITIALIZER]ledgerInitializer stopped
info|2021-01-23 21:01:12.455933|[INITIALIZER]ChannelRPCHttpServer deleted.
info|2021-01-23 21:01:12.457318|[INITIALIZER]JsonrpcHttpServer deleted.
info|2021-01-23 21:01:12.457754|[INITIALIZER]RPCInitializer stopped
info|2021-01-23 21:01:12.458201|[NETWORK][Host]Host exit
info|2021-01-23 21:01:12.461280|[INITIALIZER]P2PInitializer stopped
info|2021-01-23 21:01:12.461751|[LEDGER]stop sealer,groupID=1
info|2021-01-23 21:01:12.461798|[LEDGER]sealer stopped. stop sync,groupID=1
info|2021-01-23 21:01:12.461846|[g:1] [SYNC][id:73cd37a5...]SyncMsgEngine stopped
info|2021-01-23 21:01:12.461895|[GossipBlockStatus]GossipBlockStatus already stopped
info|2021-01-23 21:01:12.461938|[SYNC][id:73cd37a5...][g:1]SyncMaster stopped
info|2021-01-23 21:01:12.461985|[LEDGER]sync stopped. stop event filter manager,groupID=1
info|2021-01-23 21:01:12.462029|[LEDGER]event filter manager stopped. stop tx pool,groupID=1
info|2021-01-23 21:01:12.462075|[LEDGER]removeNetworkStatHandlerByGroupID and removeGroupBandwidthLimiter for service,groupID=1
info|2021-01-23 21:01:12.462130|[STORAGE]Stopping flushStorage thread
info|2021-01-23 21:01:12.482006|[STORAGE]flushStorage thread stopped.
info|2021-01-23 21:01:12.482170|[DBINITIALIZER] storage stopped
info|2021-01-23 21:01:12.664711|[g:1] [SYNC][id:73cd37a5...]SyncMsgEngine stopped
info|2021-01-23 21:01:12.664888|[GossipBlockStatus]GossipBlockStatus already stopped
info|2021-01-23 21:01:12.664933|[SYNC][id:73cd37a5...][g:1]SyncMaster stopped
info|2021-01-23 21:01:12.664991|[g:1] [SYNC][id:73cd37a5...]SyncMsgEngine stopped
